2024-10-12 11:53:35,082 - response_generator - INFO - Similarity search done
2024-10-12 11:54:01,850 - response_generator - INFO - Response generated
2024-10-12 11:58:51,991 - response_generator - INFO - Similarity search done
2024-10-12 11:59:06,602 - response_generator - INFO - Response generated
2024-10-12 12:00:14,561 - response_generator - INFO - Similarity search done
2024-10-12 12:00:38,268 - response_generator - INFO - Response generated
2024-10-12 12:05:38,961 - response_generator - INFO - Similarity search done
2024-10-12 12:06:05,940 - response_generator - INFO - Response generated
2024-10-12 12:06:16,557 - response_generator - INFO - Similarity search done
2024-10-12 12:06:43,108 - response_generator - INFO - Response generated
2024-10-12 12:08:14,280 - response_generator - INFO - Similarity search done
2024-10-12 12:08:32,037 - response_generator - INFO - Response generated
2024-10-12 12:08:59,361 - response_generator - INFO - Similarity search done
2024-10-12 12:09:23,717 - response_generator - INFO - Response generated
2024-10-12 12:09:34,301 - response_generator - INFO - Similarity search done
2024-10-12 12:10:02,834 - response_generator - INFO - Response generated
2024-10-12 12:49:04,904 - response_generator - INFO - Similarity search done
2024-10-12 12:49:31,470 - response_generator - INFO - Response generated
2024-10-12 12:49:48,570 - response_generator - INFO - Similarity search done
2024-10-12 12:50:12,205 - response_generator - INFO - Response generated
2024-10-12 12:58:57,601 - response_generator - INFO - Similarity search done
2024-10-12 12:59:25,793 - response_generator - INFO - Response generated
2024-10-12 13:00:26,929 - response_generator - INFO - Similarity search done
2024-10-12 13:00:51,476 - response_generator - INFO - Response generated
2024-10-12 13:01:15,038 - response_generator - INFO - Similarity search done
2024-10-12 13:01:36,953 - response_generator - INFO - Response generated
2024-10-12 13:02:12,079 - response_generator - INFO - Similarity search done
2024-10-12 13:02:39,271 - response_generator - INFO - Response generated
2024-10-12 13:02:50,547 - response_generator - INFO - Similarity search done
2024-10-12 13:03:16,165 - response_generator - INFO - Response generated
2024-10-12 13:04:55,375 - response_generator - INFO - Similarity search done
2024-10-12 13:05:21,101 - response_generator - INFO - Response generated
2024-10-12 13:06:29,472 - response_generator - INFO - Similarity search done
2024-10-12 13:06:54,756 - response_generator - INFO - Response generated
2024-10-12 13:07:10,767 - response_generator - INFO - Similarity search done
2024-10-12 13:07:31,597 - response_generator - INFO - Response generated
2024-10-12 13:07:46,827 - response_generator - INFO - Similarity search done
2024-10-12 13:08:09,452 - response_generator - INFO - Response generated
2024-10-12 13:08:26,379 - response_generator - INFO - Similarity search done
2024-10-12 13:08:49,477 - response_generator - INFO - Response generated
2024-10-12 13:09:32,525 - response_generator - INFO - Similarity search done
2024-10-12 13:09:58,753 - response_generator - INFO - Response generated
2024-10-12 13:13:47,379 - response_generator - INFO - Similarity search done
2024-10-12 13:14:14,565 - response_generator - INFO - Response generated
2024-10-12 13:17:46,565 - response_generator - INFO - Similarity search done
2024-10-12 13:18:12,565 - response_generator - INFO - Response generated
2024-10-12 13:19:15,420 - response_generator - INFO - Similarity search done
2024-10-12 13:19:38,857 - response_generator - INFO - Response generated
2024-10-12 13:20:56,151 - response_generator - INFO - Similarity search done
2024-10-12 13:21:19,495 - response_generator - INFO - Response generated
2024-10-12 13:22:40,416 - response_generator - INFO - Similarity search done
2024-10-12 13:23:09,003 - response_generator - INFO - Response generated
2024-10-12 13:23:22,242 - response_generator - INFO - Similarity search done
2024-10-12 13:23:46,289 - response_generator - INFO - Response generated
2024-10-12 13:24:07,029 - response_generator - INFO - Similarity search done
2024-10-12 13:24:33,611 - response_generator - INFO - Response generated
2024-10-12 13:24:46,576 - response_generator - INFO - Similarity search done
2024-10-12 13:25:27,562 - response_generator - INFO - Response generated
2024-10-12 13:37:21,784 - response_generator - INFO - Similarity search done
2024-10-12 13:37:50,384 - response_generator - INFO - Response generated
2024-10-12 13:38:05,088 - response_generator - INFO - Similarity search done
2024-10-12 13:38:29,224 - response_generator - INFO - Response generated
2024-10-12 13:38:42,368 - response_generator - INFO - Similarity search done
2024-10-12 13:39:07,649 - response_generator - INFO - Response generated
2024-10-12 13:44:04,303 - response_generator - INFO - Similarity search done
2024-10-12 13:44:26,362 - response_generator - INFO - Response generated
2024-10-12 13:44:35,826 - response_generator - INFO - Similarity search done
2024-10-12 13:45:03,216 - response_generator - INFO - Response generated
2024-10-12 13:45:09,621 - response_generator - INFO - Similarity search done
2024-10-12 13:45:34,806 - response_generator - INFO - Response generated
2024-10-12 13:46:05,632 - response_generator - INFO - Similarity search done
2024-10-12 13:46:27,684 - response_generator - INFO - Response generated
2024-10-12 13:55:06,205 - response_generator - INFO - Similarity search done
2024-10-12 13:55:34,652 - response_generator - INFO - Response generated
2024-10-12 13:56:13,930 - response_generator - INFO - Similarity search done
2024-10-12 13:56:38,830 - response_generator - INFO - Response generated
2024-10-12 13:57:05,828 - response_generator - INFO - Similarity search done
2024-10-12 13:57:34,867 - response_generator - INFO - Response generated
2024-10-12 13:57:59,062 - response_generator - INFO - Similarity search done
2024-10-12 13:58:21,770 - response_generator - INFO - Response generated
2024-10-12 13:59:15,837 - response_generator - INFO - Similarity search done
2024-10-12 13:59:38,955 - response_generator - INFO - Response generated
2024-10-12 14:00:36,025 - response_generator - INFO - Similarity search done
2024-10-12 14:00:55,700 - response_generator - INFO - Response generated
2024-10-12 14:02:23,641 - response_generator - INFO - Similarity search done
2024-10-12 14:02:49,804 - response_generator - INFO - Response generated
2024-10-12 14:02:59,155 - response_generator - INFO - Similarity search done
2024-10-12 14:03:29,489 - response_generator - INFO - Response generated
2024-10-12 14:03:38,603 - response_generator - INFO - Similarity search done
2024-10-12 14:04:02,682 - response_generator - INFO - Response generated
2024-10-12 14:04:12,458 - response_generator - INFO - Similarity search done
2024-10-12 14:04:43,294 - response_generator - INFO - Response generated
2024-10-12 14:04:49,732 - response_generator - INFO - Similarity search done
2024-10-12 14:05:22,972 - response_generator - INFO - Response generated
2024-10-12 14:05:34,719 - response_generator - INFO - Similarity search done
2024-10-12 14:06:07,766 - response_generator - INFO - Response generated
2024-10-12 14:06:14,146 - response_generator - INFO - Similarity search done
2024-10-12 14:07:09,556 - response_generator - INFO - Response generated
2024-10-12 14:07:20,648 - response_generator - INFO - Similarity search done
2024-10-12 14:07:52,781 - response_generator - INFO - Response generated
2024-10-12 14:09:13,568 - response_generator - INFO - Similarity search done
2024-10-12 14:58:51,901 - response_generator - INFO - Similarity search done
2024-10-12 14:59:38,537 - response_generator - INFO - Response generated
2024-10-12 15:04:36,647 - response_generator - INFO - Similarity search done
2024-10-12 15:04:45,986 - response_generator - INFO - Response generated
2024-10-12 15:05:10,131 - response_generator - INFO - Similarity search done
2024-10-12 15:05:43,895 - response_generator - INFO - Response generated
2024-10-12 15:07:48,745 - response_generator - INFO - Similarity search done
2024-10-12 15:08:41,955 - response_generator - INFO - Response generated
2024-10-12 15:10:04,060 - response_generator - INFO - Similarity search done
2024-10-12 15:12:32,929 - response_generator - INFO - Similarity search done
2024-10-12 15:13:57,766 - response_generator - INFO - Response generated
2024-10-12 15:14:12,214 - response_generator - INFO - Similarity search done
2024-10-12 15:14:59,677 - response_generator - INFO - Response generated
2024-10-12 15:26:45,911 - response_generator - INFO - Similarity search done
2024-10-12 15:28:28,023 - response_generator - INFO - Response generated
2024-10-12 15:29:28,465 - response_generator - INFO - Similarity search done
2024-10-12 15:30:16,092 - response_generator - INFO - Response generated
2024-10-12 15:30:42,737 - response_generator - INFO - Similarity search done
2024-10-12 15:32:46,592 - response_generator - INFO - Response generated
2024-10-12 15:33:26,044 - response_generator - INFO - Similarity search done
2024-10-12 15:34:21,238 - response_generator - INFO - Response generated
2024-10-12 15:35:04,402 - response_generator - INFO - Similarity search done
2024-10-12 15:36:13,708 - response_generator - INFO - Response generated
2024-10-12 15:37:02,659 - response_generator - INFO - Similarity search done
2024-10-12 15:37:29,066 - response_generator - INFO - Response generated
2024-10-12 15:37:35,454 - response_generator - INFO - Similarity search done
2024-10-12 15:38:01,736 - response_generator - INFO - Response generated
2024-10-12 15:39:38,656 - response_generator - INFO - Similarity search done
2024-10-12 15:40:36,690 - response_generator - INFO - Response generated
2024-10-12 15:41:36,874 - response_generator - INFO - Similarity search done
2024-10-12 15:41:58,246 - response_generator - INFO - Response generated
2024-10-12 15:42:12,301 - response_generator - INFO - Similarity search done
2024-10-12 15:42:23,547 - response_generator - INFO - Response generated
2024-10-12 15:42:46,293 - response_generator - INFO - Similarity search done
2024-10-12 15:42:57,726 - response_generator - INFO - Response generated
2024-10-12 15:43:26,684 - response_generator - INFO - Similarity search done
2024-10-12 15:43:37,932 - response_generator - INFO - Response generated
2024-10-12 15:44:43,691 - response_generator - INFO - Similarity search done
2024-10-12 15:45:02,640 - response_generator - INFO - Response generated
2024-10-12 15:45:09,032 - response_generator - INFO - Similarity search done
2024-10-12 15:45:27,081 - response_generator - INFO - Response generated
2024-10-12 15:45:52,462 - response_generator - INFO - Similarity search done
2024-10-12 15:46:09,733 - response_generator - INFO - Response generated
2024-10-12 15:46:28,461 - response_generator - INFO - Similarity search done
2024-10-12 15:47:24,158 - response_generator - INFO - Similarity search done
2024-10-12 15:47:46,405 - response_generator - INFO - Response generated
2024-10-12 15:48:58,126 - response_generator - INFO - Similarity search done
2024-10-12 15:50:10,927 - response_generator - INFO - Response generated
2024-10-12 15:50:21,870 - response_generator - INFO - Similarity search done
2024-10-12 15:51:22,245 - response_generator - INFO - Response generated
2024-10-12 15:53:16,338 - response_generator - INFO - Similarity search done
2024-10-12 15:53:55,159 - response_generator - INFO - Response generated
2024-10-12 15:57:01,820 - response_generator - INFO - Similarity search done
2024-10-12 15:59:22,212 - response_generator - INFO - Response generated
2024-10-12 16:00:08,528 - response_generator - INFO - Similarity search done
2024-10-12 16:00:30,264 - response_generator - INFO - Response generated
2024-10-12 16:01:41,300 - response_generator - INFO - Similarity search done
2024-10-12 16:02:22,535 - response_generator - INFO - Response generated
2024-10-12 16:04:33,628 - response_generator - INFO - Similarity search done
2024-10-12 16:05:22,355 - response_generator - INFO - Response generated
2024-10-12 16:05:35,378 - response_generator - INFO - Similarity search done
2024-10-12 16:06:21,578 - response_generator - INFO - Response generated
2024-10-12 16:14:58,258 - response_generator - INFO - Similarity search done
2024-10-12 16:15:14,386 - response_generator - INFO - Response generated
2024-10-12 16:16:31,503 - response_generator - INFO - Similarity search done
2024-10-12 16:17:17,198 - response_generator - INFO - Response generated
2024-10-12 16:17:42,334 - response_generator - INFO - Similarity search done
2024-10-12 16:19:47,588 - response_generator - INFO - Similarity search done
2024-10-12 16:20:26,262 - response_generator - INFO - Response generated
2024-10-12 16:21:11,622 - response_generator - INFO - Similarity search done
2024-10-12 16:21:30,767 - response_generator - INFO - Response generated
2024-10-12 16:23:05,931 - response_generator - INFO - Similarity search done
2024-10-12 16:23:14,326 - response_generator - INFO - Response generated
2024-10-12 16:23:40,620 - response_generator - INFO - Similarity search done
2024-10-12 16:24:25,088 - response_generator - INFO - Response generated
2024-10-12 16:25:20,543 - response_generator - INFO - Similarity search done
2024-10-12 16:25:41,773 - response_generator - INFO - Response generated
2024-10-12 16:26:04,769 - response_generator - INFO - Similarity search done
2024-10-12 16:26:57,773 - response_generator - INFO - Response generated
2024-10-16 17:45:33,666 - response_generator - INFO - Similarity search done for question: 1. Who was Amar Bose, and what were his notable contributions or achievements in science and engineering?
2024-10-16 17:45:35,830 - response_generator - INFO - Similarity search done for question: What are some of the key innovations developed by Mr. Bose within consumer audio technology industry?
2024-10-16 17:45:37,999 - response_generator - INFO - Similarity search done for question: Could you provide a biography summary highlighting Dr. Jagadish Sankar Bose's career milestones, including his role at MIT Media Lab or other institutions he might have been affiliated with?
2024-10-16 17:45:40,124 - response_generator - INFO - Similarity search done for question: Can you detail the advancements and research conducted by Professor Amar Nath Bhose in fields such as telecommunications or acoustics engineering?
2024-10-16 17:45:42,286 - response_generator - INFO - Similarity search done for question: How did Bose Electronics pioneer develop consumer sound systems, who led these innovations (was it Mr. Bose himself), and what impact have they had on the industry standards today?
2024-10-16 17:46:05,967 - response_generator - INFO - Response generated
2024-10-16 17:52:02,812 - response_generator - INFO - Similarity search done for question: 1. Who founded Bose, Inc., and what was their contribution to consumer audio technology development?
2024-10-16 17:52:04,969 - response_generator - INFO - Similarity search done for question: Can you provide detailed biographies of key figures associated with Bose Sound Systems' history or current operations?
2024-10-16 17:52:07,135 - response_generator - INFO - Similarity search done for question: What role has Dr. Amar G. Bose played in shaping the acoustic designs at his company, known for noise-canceling headphones and home sound systems?
2024-10-16 17:52:09,313 - response_generator - INFO - Similarity search done for question: How did Bose Laboratories evolve into its present state under the leadership of industry pioneers like Amar G. Bose himself or their successors?
2024-10-16 17:52:11,477 - response_generator - INFO - Similarity search done for question: In what ways has Dr. Amar G. Bose's philosophy on acoustics influenced modern noise-canceling and sound amplification technology used in current consumer products from Bose, Inc.?
2024-10-16 17:55:24,371 - response_generator - INFO - Response generated
2024-10-16 17:58:38,043 - response_generator - INFO - Similarity search done for question: 1. Who was Amar Bose, MIT Professor of Electrical Engineering known as a pioneer in audio technology innovations?
2024-10-16 17:58:40,279 - response_generator - INFO - Similarity search done for question: Can you detail how Dr. Shridhar C. Bose contributed significantly to modern sound systems and speakers development at Bell Labs?
2024-10-16 17:58:42,600 - response_generator - INFO - Similarity search done for question: In what ways has the legacy of Edwin B. Hubble influenced contemporary understanding about cosmic distances, including his collaboration with Carl Vesto Slipher's studies on redshift phenomena in stars like Sirius (referred as "Bose")?
2024-10-16 17:58:44,794 - response_generator - INFO - Similarity search done for question: How did Dr. Paul A. Cibinsky’thy research at Lawrence Berkeley National Laboratory impact our understanding of the cosmic microwave background radiation, sometimes informally referred to by some scientists with a nickname 'bose' due its significance in cosmology studies?
2024-10-16 17:58:46,963 - response_generator - INFO - Similarity search done for question: Can you elaborate on Hans Bose and his contributions as an American fashion designer creating high-quality home furnishing products like beanbag chairs that bear the brand name "Bose"? 
2024-10-16 17:58:49,115 - response_generator - INFO - Similarity search done for question: Who is Manohar Bhat, known for founding several audio equipment companies in India bearing the 'bose' trademark?
2024-10-16 18:02:19,042 - response_generator - INFO - Response generated
2024-10-16 18:26:59,561 - response_generator - INFO - Similarity search done for question: 1. Who is Amar Bose, the founder of Sennheiser Electronics and Bang & Olufsen speakers company?
2024-10-16 18:27:01,881 - response_generator - INFO - Similarity search done for question: What contributions has Dr. Arijit Roy (son of Sundararaman Nair who worked with Mr. Bose) made in academia or industry related to sound engineering since inheriting his father's legacy?
2024-10-16 18:27:04,032 - response_generator - INFO - Similarity search done for question: How did Amar Bose, PhD in Electrical Engineering from MIT, revolutionize consumer audio technology after establishing the Bose Sound Systems company?
2024-10-16 18:27:06,220 - response_generator - INFO - Similarity search done for question: What role has Dr. Chandan Nair (son of Sundararaman and grandson to original inventor) played within family-run acoustics business following his education at Harvard Business School since inheriting part of Amar Bose's legacy in audio technology innovation?
2024-10-16 18:27:08,507 - response_generator - INFO - Similarity search done for question: In what ways have the advanc extrusion techniques used by Dr. Arijit Roy (descendant and successor to Sundaram Ramanathan Nair, son-in-law from India) contributed to modern sound engineering practices derived or inspired by Amar Bose's work at his company in Boston?
2024-10-16 18:30:06,002 - response_generator - INFO - Response generated
2024-10-16 18:32:12,696 - response_generator - INFO - Similarity search done for question: 1. Who was Amar Bose, and what were his significant contributions in engineering or technology fields?
2024-10-16 18:32:14,837 - response_generator - INFO - Similarity search done for question: Can you detail Srikanth "Boss" Bose's professional background as an audio equipment designer at TEAC corporation?
2024-10-16 18:32:17,001 - response_generator - INFO - Similarity search done for question: In the context of sound systems development, who is Dr. Shu Chien-Sheng (also known informally as 'bose') and what role did he play in advancing this industry? 
2024-10-16 18:32:19,150 - response_generator - INFO - Similarity search done for question: Who was Bose Corporation's co-founder Amar G. Bose, and how have his inventions influenced modern audio technology standards?
2024-10-16 18:32:21,321 - response_generator - INFO - Similarity search done for question: Can you discuss the research interests of Dr. Shu Chien within neuroscience that led to collaboration with sound engineering pioneers like "Boss" or John Doe at companies such as Sony or Philips?
2024-10-16 18:36:11,860 - response_generator - INFO - Response generated
2024-10-16 18:51:59,030 - response_generator - INFO - Similarity search done for question: 1. What contributions has Bose LLC made in consumer electronics, particularly with their sound systems?
2024-10-16 18:51:59,031 - response_generator - INFO - Similarity search done for question: 1. Who was Amar Bose, including his background and contributions in audio technology field?
2024-10-16 18:52:01,190 - response_generator - INFO - Similarity search done for question: Can you detail how Dr. Amar G. Bose's research on acoustics influenced modern noise-cancellation technology used by many headphones today?
2024-10-16 18:52:01,283 - response_generator - INFO - Similarity search done for question: What innovations did Dr. John Poulan Bose develop that significantly impacted home stereo systems' design and functioning?
2024-10-16 18:52:03,339 - response_generator - INFO - Similarity search done for question: How does the speaker system designed and produced by Bose stand out from competitors in terms of audio quality for home entertainment setups?
2024-10-16 18:52:03,513 - response_generator - INFO - Similarity search done for question: Can you provide a biography summary of the co-founder and chairman emeritus at Bose Corporation, focusing on his key scientific achievements in acoustics research?
2024-10-16 18:52:05,505 - response_generator - INFO - Similarity search done for question: What are some notable awards or recognitions received specifically related to products manufactured by Dr. Amar G. Bose'thy company, such as their speakers or headphones?
2024-10-16 18:52:05,676 - response_generator - INFO - Similarity search done for question: In what ways did Dr. Amar Bose advance sound system technology during his career with companies like Sony or Sennheiser before founding Bose Audio Systems Inc.?
2024-10-16 18:52:07,677 - response_generator - INFO - Similarity search done for question: How has the founder and CEO’s vision shaped the brand image of Bose Corporation in terms of acoustic excellence since its establishment?
2024-10-16 18:52:07,853 - response_generator - INFO - Similarity search done for question: How has the work of Sir Crawford Markham and Dr. John Poulan in establishing the first company dedicated to stereo systems, now known as Bose Corporation, influenced modern acoustic engineering practices?
2024-10-16 18:55:44,564 - response_generator - INFO - Response generated
2024-10-16 18:58:16,375 - response_generator - INFO - Similarity search done for question: 1. Who was Amar Bose, and what notable contributions did he make in his field of expertise?
2024-10-16 18:58:18,551 - response_generator - INFO - Similarity search done for question: What are some significant achievements or innovations associated with Dr. Shraddhananda Bose's career as an engineer/acoustician at MIT?
2024-10-16 18:58:20,713 - response_generator - INFO - Similarity search done for question: Can you detail the professional background and impact of Amar G. Bose, particularly within audio technology development companies such as Bose Corporation?
2024-10-16 18:58:22,863 - response_generator - INFO - Similarity search done for question: In what capacity has Amitabh Bachchan portrayed a character named "Bose" in cinema or television series that warrants further inquiry into his association with this name?
2024-10-16 18:58:25,023 - response_generator - INFO - Similarity search done for question: How did Dr. Shraddhananda Kishore Mukerjee Bose, often referred to as simply 'bose,' contribute specifically within the realm of acoustics and audio technology innovations at Bell Labs or related institutions?
2024-10-16 19:09:14,126 - response_generator - INFO - Response generated
2024-10-16 19:16:08,071 - response_generator - INFO - Similarity search done for question: 1. Who founded the high-end audio company known as Bose, and what is their contribution to sound technology?
2024-10-16 19:16:10,218 - response_generator - INFO - Similarity search done for question: Can you describe how Dr. Amar G. Bose's work in acoustics has influenced modern noise reduction technologies used by companies like his own?
2024-10-16 19:16:12,387 - response_generator - INFO - Similarity search done for question: In which year was Bose Corporation founded, who were the founding members besides its namesake CEO, and what prompted them to establish this company specializing in sound science products?
2024-10-16 19:16:14,575 - response_generator - INFO - Similarity search done for question: How did Dr. Amar G. Bose's research on acoustics shape the development of noise-canceling headphones by his brand at Bose Corporation?
2024-10-16 19:16:16,718 - response_generator - INFO - Similarity search done for question: What patents or innovations related to audio technology can be directly attributed to Dr. Amar G. Bose, and how have these impacted consumer products in today’s marketplace from this company?
2024-10-16 19:27:48,514 - response_generator - INFO - Response generated
2024-10-16 19:37:16,853 - response_generator - INFO - Similarity search done for question: 1. What are some key accomplishments or contributions made by Bose in his/her professional field (name required)?
2024-10-16 19:40:05,417 - response_generator - INFO - Similarity search done for question: 1. Can you provide a brief biography of Bose Corporation's founder, Dr. Amar G. Bose?
2024-10-16 19:44:29,850 - response_generator - INFO - Similarity search done for question: 1. Can you provide a biography of Mr. Bose, detailing his contributions in [specific field/industry] such as electronics or sound systems?
2024-10-16 19:44:32,000 - response_generator - INFO - Similarity search done for question: What is Amartya Sen's association with West Bengal University and how has he impacted education therein?
2024-10-16 19:44:34,157 - response_generator - INFO - Similarity search done for question: Could you elaborate on the scientific principles behind Dr. Satyendra Narayan Bose’s contributions to quantum mechanics, particularly his work related to bosonic particles?
2024-10-16 19:44:36,319 - response_generator - INFO - Similarity search done for question: Can we discuss Mr. Amitabh Bachchan' extraterrestrial theories or interests in relation to space and astrophysics that he has publicly shared over the years? 
2024-10-16 19:44:38,482 - response_generator - INFO - Similarity search done for question: Who is Anandiben Patel Bose (assuming she’s a specific individual) - could you detail her professional background, achievements & current role/position if applicable within any particular industry sector or community cause?
2024-10-16 19:48:40,480 - response_generator - INFO - Response generated
2024-10-16 19:55:44,025 - response_generator - INFO - Similarity search done for question: 1. Who is Bose, specifically referring to whom in electronics industry known for audio equipment manufacturing?
2024-10-16 19:55:46,170 - response_generator - INFO - Similarity search done for question: Can you provide detailed information about Amar G. Bose's contributions as an acoustical physicist and founder of Bose Corporation?
2024-10-16 19:55:48,329 - response_generator - INFO - Similarity search done for question: What innovative products or technologies has the company founded by Amar G. Bose, commonly referred to as Bose Audio Systems, introduced in recent years for superior sound quality experiences?
2024-10-16 19:55:50,484 - response_generator - INFO - Similarity search done for question: How did Dr. Amar Geethanath Banerjee (Amar) Bose's background and expertise lead him to establish his renowned audio brand "Bose"? 
2024-10-16 19:55:52,642 - response_generator - INFO - Similarity search done for question: In what ways has the company led by founder Amar G. Bose, commonly known as Bose Corporation or simply 'Bose', influenced contemporary home acoustics through its products?
2024-10-16 20:04:06,833 - response_generator - INFO - Similarity search done for question: 1. Who founded Bose Audio, Inc., and what contributions have they made to consumer audio technology since its inception?
2024-10-16 20:04:08,987 - response_generator - INFO - Similarity search done for question: Can you provide a brief biography of Amar G. Bose that highlights his role as the innovator behind noise-canceling headphones at Bose Corporation?
2024-10-16 20:04:11,143 - response_generator - INFO - Similarity search done for question: In terms of product development, how has Dr. John Francis Bose's expertise shaped and influenced modern acoustic consumer electronics within Bose Audio Systems Inc.?
2024-10-16 20:06:51,614 - response_generator - INFO - Response generated
2024-10-16 20:27:09,268 - response_generator - INFO - Similarity search done for question: 1. What company does Bose operate under?
2024-10-16 20:27:11,400 - response_generator - INFO - Similarity search done for question: Which brand is known as Bose?
2024-10-16 20:27:13,531 - response_generator - INFO - Similarity search done for question: Who manufactures Bose audio products?
2024-10-16 20:27:15,673 - response_generator - INFO - Similarity search done for question: Where can one purchase Bose audio equipment?
2024-10-16 20:27:17,810 - response_generator - INFO - Similarity search done for question: Who are some notable features of Bose audio products?
2024-10-16 20:29:46,483 - response_generator - INFO - Response generated
2024-10-16 20:40:22,957 - response_generator - INFO - Similarity search done for question: 1. "Who is Bose's primary producer?"
2024-10-16 20:40:25,146 - response_generator - INFO - Similarity search done for question: "What are some notable features of Bose's products?"
2024-10-16 20:40:27,297 - response_generator - INFO - Similarity search done for question: "Where was Bose founded as a startup company?"
2024-10-16 20:40:29,445 - response_generator - INFO - Similarity search done for question: "Can you provide an overview of Bose's market presence and distribution efforts?"
2024-10-16 20:40:31,586 - response_generator - INFO - Similarity search done for question: "How long has Bose been in business, since its inception?"
2024-10-16 20:42:30,820 - response_generator - INFO - Response generated
2024-10-16 20:47:17,334 - response_generator - INFO - Similarity search done for question: 1. How much time does an object with a mass of 250 grams traveling at a velocity of 49 m/s upwards take to reach its maximum height?
2024-10-16 20:47:19,546 - response_generator - INFO - Similarity search done for question: What is the average speed of the thrown object in this case and how long will it take for the object to travel from the point of release until reaching the highest point?
2024-10-16 20:47:21,805 - response_generator - INFO - Similarity search done for question: How can I calculate the time taken by an object with a mass of 250 grams to move upwards at a velocity of 49 meters per second and reach its maximum height, assuming air resistance is negligible?
2024-10-16 20:47:23,969 - response_generator - INFO - Similarity search done for question: What formulas do I need to apply when calculating the time it takes for an object moving vertically upward due to gravity to reach a specific height?
2024-10-16 20:47:26,129 - response_generator - INFO - Similarity search done for question: How can I find out how long it would take the thrown object to travel from where it started until it reaches its highest point?
2024-10-16 20:50:41,510 - response_generator - INFO - Response generated
2024-10-16 20:55:39,325 - response_generator - INFO - Similarity search done for question: 1. How long will it take for an object with a mass of 250g to reach its maximum height if thrown vertically upward at 49m/s^(-1)?
2024-10-16 20:55:41,608 - response_generator - INFO - Similarity search done for question: What is the duration in seconds that an object with a mass of 250g, given a velocity of 49m/s^(-1) and ascending at this speed, will take to reach its highest point?
2024-10-16 20:55:43,780 - response_generator - INFO - Similarity search done for question: How long does it take for an object with a mass of 250 grams to move from the point where it was thrown (at 0 meters height) upward vertically toward its maximum velocity of 49 m/s^(-1)?
2024-10-16 20:55:45,968 - response_generator - INFO - Similarity search done for question: If an object is thrown vertically upward with a mass of 250g, what is the duration until it reaches its maximum height?
2024-10-16 20:55:48,136 - response_generator - INFO - Similarity search done for question: How long does it take for a 250g object to move from a point where it was thrown upward (initially at rest) toward its maximum velocity (49m/s^(-1))?
2024-10-16 21:48:36,924 - response_generator - INFO - Similarity search done for question: What is the mass of an object that has a specific gravitational acceleration value?
How far can an object with a given velocity reach in the air if no external forces are acting on it?
What is the maximum height reached by an object under specific conditions when thrown upward at a certain velocity and with a known mass and gravitational acceleration?
Can we calculate the time taken for an object to reach its maximum height using basic physics principles?
How can we determine the initial speed of an object if we know its maximum height, distance, and acceleration due to gravity?
2024-10-16 21:50:10,954 - response_generator - INFO - Similarity search done for question: Certainly! Here are five more refined and specific questions related to the given prompt:

2024-10-16 21:50:13,126 - response_generator - INFO - Similarity search done for question: **An object with a mass of 250g is thrown vertically upward at a velocity of 49m/s^(-1). How long will it take for the body to reach its maximum height?**

2024-10-16 21:50:15,293 - response_generator - INFO - Similarity search done for question: **A ball with a mass of 250g is thrown horizontally at 49 m/s^(-1) and then released. What is the time taken by the ball to reach the ground?**

2024-10-16 21:50:17,455 - response_generator - INFO - Similarity search done for question: **An object with a mass of 250g is thrown vertically upward with an initial velocity of 49m/s^(-1). How long will it take for the body to reach its maximum height?**

2024-10-16 21:50:19,615 - response_generator - INFO - Similarity search done for question: **A toy car with a mass of 250g is launched straight up at 49 m/s^(-1) and reaches its maximum height in 1 second. How far does it travel before reaching this point?**

2024-10-16 21:50:21,757 - response_generator - INFO - Similarity search done for question: **An object with a mass of 250g is thrown vertically upward at 49m/s^(-1), and then released. What will be the total distance traveled by the body?**
2024-10-16 21:53:35,241 - response_generator - INFO - Response generated
2024-10-17 00:03:20,644 - response_generator - INFO - Similarity search done for question: 1. Who created Google?
2024-10-17 00:03:22,749 - response_generator - INFO - Similarity search done for question: What are some notable developments in artificial intelligence (AI)?
2024-10-17 00:03:24,851 - response_generator - INFO - Similarity search done for question: Who developed DeepMind, which is a research center at Oxford University?
2024-10-17 00:03:26,957 - response_generator - INFO - Similarity search done for question: What are some of the key advancements in machine learning and AI since 2017?
2024-10-17 00:03:29,064 - response_generator - INFO - Similarity search done for question: Who is the founder of Amazon's digital products business, and what are their contributions to the company?
2024-10-17 00:05:53,156 - response_generator - INFO - Response generated
2024-10-17 00:07:29,484 - response_generator - INFO - Similarity search done for question: 1. Who are you?
2024-10-17 00:07:31,623 - response_generator - INFO - Similarity search done for question: Can you describe your background and expertise in computing?
2024-10-17 00:07:33,765 - response_generator - INFO - Similarity search done for question: What is your role within the field of computing, if any?
2024-10-17 00:07:35,923 - response_generator - INFO - Similarity search done for question: Who is involved in or associated with this particular issue regarding computing technology?
2024-10-17 00:07:38,069 - response_generator - INFO - Similarity search done for question: How have you contributed to the development or advancements of computing technologies?
2024-10-17 00:12:23,008 - response_generator - INFO - Response generated
2024-10-17 00:21:13,797 - response_generator - INFO - Similarity search done for question: 1. "What's the significance of the Amazon Group?"
2024-10-17 00:21:15,955 - response_generator - INFO - Similarity search done for question: "How has Amazon changed over time in the tech industry?"
2024-10-17 00:21:18,113 - response_generator - INFO - Similarity search done for question: "Who is responsible for the successful growth of Amazon?"
2024-10-17 00:21:20,263 - response_generator - INFO - Similarity search done for question: "Can you explain the financial stability and growth strategies of Amazon Inc.? "
2024-10-17 00:21:22,406 - response_generator - INFO - Similarity search done for question: "What are some key factors influencing Amazon's current performance?"
2024-10-17 00:26:56,668 - response_generator - INFO - Response generated
2024-10-17 00:53:28,360 - response_generator - INFO - Similarity search done for question: 1. What were some of the key figures associated with Bose?
2024-10-17 00:53:30,505 - response_generator - INFO - Similarity search done for question: Who are some notable individuals who have a connection with Bose's life and work?
2024-10-17 00:53:32,624 - response_generator - INFO - Similarity search done for question: Could you please name the specific people or events that have influenced Bose's career or personal growth?
2024-10-17 00:53:34,768 - response_generator - INFO - Similarity search done for question: Can you give me an overview of the various organizations or groups where Bose was involved in his academic, professional, or cultural pursuits?
2024-10-17 00:53:36,922 - response_generator - INFO - Similarity search done for question: If you are looking for more information about Bose's impact on the scientific community during different periods of his life, could you tell me about any specific topics or projects he worked on?
2024-10-17 00:57:15,346 - response_generator - INFO - Response generated
2024-10-17 01:02:01,467 - response_generator - INFO - Similarity search done for question: 1. Who were the major figures in the development of quantum mechanics?
2024-10-17 01:02:03,598 - response_generator - INFO - Similarity search done for question: What contributions did Einstein make to modern physics? 
2024-10-17 01:02:05,728 - response_generator - INFO - Similarity search done for question: Which scientists contributed significantly to theoretical physics? 
2024-10-17 01:02:07,883 - response_generator - INFO - Similarity search done for question: Who was Albert Einstein and what were his most important scientific discoveries? 
2024-10-17 01:02:10,028 - response_generator - INFO - Similarity search done for question: How does quantum field theory relate to classical physics?
2024-10-17 01:09:17,674 - response_generator - INFO - Response generated
2024-10-17 01:18:45,532 - response_generator - INFO - Similarity search done for question: 1. What is the origin of Bose Corporation?
2024-10-17 01:18:47,666 - response_generator - INFO - Similarity search done for question: How did Paul Saffman become involved with Bose at its inception?
2024-10-17 01:18:49,817 - response_generator - INFO - Similarity search done for question: In what ways has Dr. Satish K. Maniar contributed to Bose's success?
2024-10-17 01:18:51,972 - response_generator - INFO - Similarity search done for question: Who were some key figures behind the expansion and diversification of Bose over time?
2024-10-17 01:18:54,115 - response_generator - INFO - Similarity search done for question: What distinguishes Bose products from other similar offerings on the market?
2024-10-17 01:21:26,623 - response_generator - INFO - Response generated
2024-10-17 01:25:29,676 - response_generator - INFO - Similarity search done for question: 1. What is the full name of the scientist who made significant contributions in botany and spectroscopy?
2024-10-17 01:25:31,826 - response_generator - INFO - Similarity search done for question: Who is known for developing early radio technology and discovering the properties of plant fibers?
2024-10-17 01:25:33,973 - response_generator - INFO - Similarity search done for question: Jagadish Chandra Bose was a pioneer in which two scientific fields, according to his notable achievements?
2024-10-17 01:25:36,120 - response_generator - INFO - Similarity search done for question: In what way did Jagadish Chandra Bose's work impact plant science research during his time?
2024-10-17 01:25:38,269 - response_generator - INFO - Similarity search done for question: What significant advancements did Jagadish Chandra Bose make that have had lasting effects on the study of plants and their chemical compositions?
2024-10-17 01:26:20,808 - response_generator - INFO - Response generated
2024-10-17 01:28:31,756 - response_generator - INFO - Similarity search done for question: Who is Jagadish Chandra Bose known for pioneering in experimental research?
What significant discoveries did Jagadish Chandra Bose make that revolutionized scientific understanding?
How did Jagadish Chandra Bose's work influence the field of biology and its applications?
Which experiments conducted by Jagadish Chandra Bose were groundbreaking, leading to advancements in plant physiology studies?
What impact has the legacy of Jagadish Chandra Bose had on modern-day science and technology?
2024-10-17 01:31:29,973 - response_generator - INFO - Response generated
2024-10-17 01:34:47,342 - response_generator - INFO - Similarity search done for question: Who was Jagadish Chandra Bose? 
What significant achievements did Jagadish Chandra Bose make in physics?
How did Jagadish Chandra Bose contribute to plant communication research?
What impact did Jagadish Chandra Bose's work have on the field of radioactivity?
In what ways did Jagadish Chandra Bose pioneer in spectral analysis and spectroscopy?
2024-10-17 01:35:57,709 - response_generator - INFO - Response generated
2024-10-17 01:37:29,529 - response_generator - INFO - Similarity search done for question: 1. How did Jagadish Chandra Bose's pioneering work in plant physiology pave the way for modern biosensors?
2024-10-17 01:37:31,682 - response_generator - INFO - Similarity search done for question: Can you explain the significance of Bose's discovery that plants can receive electromagnetic waves similar to light and radio waves?
2024-10-17 01:37:33,846 - response_generator - INFO - Similarity search done for question: What were some of the practical applications of Bose's research on photophoresis, a process where plants emit light using absorbed radiation?
2024-10-17 01:37:36,000 - response_generator - INFO - Similarity search done for question: How did Bose's work in plant biology contribute to our understanding of the role of photosynthesis in modern agriculture?
2024-10-17 01:37:38,128 - response_generator - INFO - Similarity search done for question: Can you discuss Bose's revolutionary approach to biological and chemical analysis that was later adopted by many other scientists?
2024-10-17 01:39:10,106 - response_generator - INFO - Response generated
2024-10-17 01:41:36,691 - response_generator - INFO - Similarity search done for question: 1. How did Jagadish Chandra Bose contribute to early botanical investigations by using simple apparatuses for detection?
2024-10-17 01:41:38,843 - response_generator - INFO - Similarity search done for question: What were some of the key scientific advancements made by Jagadish Chandra Bose that bridged physics and biology during his time?
2024-10-17 01:41:40,997 - response_generator - INFO - Similarity search done for question: Can you explain the principle behind Jagadish Chandra Bose's photofluorescence experiments with flowers and how it revolutionized modern biophysics?
2024-10-17 01:41:43,152 - response_generator - INFO - Similarity search done for question: How did Jagadish Chandra Bose use his observations of flower movement to demonstrate the non-action at a distance phenomenon, leading to new insights in physics?
2024-10-17 01:41:45,300 - response_generator - INFO - Similarity search done for question: What specific scientific instruments did Jagadish Chandra Bose invent that were revolutionary for detecting electrical activities in plants?
2024-10-17 01:42:36,783 - response_generator - INFO - Response generated
2024-10-17 01:47:13,908 - response_generator - INFO - Similarity search done for question: 1. How did Jagadish Chandra Bose's experiments contribute to our understanding of plant communication?
2024-10-17 01:47:16,064 - response_generator - INFO - Similarity search done for question: What significant scientific work did Jagadish Chandra Bose pioneer that has influenced modern telecommunications technology?
2024-10-17 01:47:18,194 - response_generator - INFO - Similarity search done for question: Can you elaborate on Jagadish Chandra Bose's pioneering use of radio waves for experimental purposes?
2024-10-17 01:47:20,369 - response_generator - INFO - Similarity search done for question: How did the work of Jagadish Chandra Bose pave the way for future innovations in plant physiology and biochemistry?
2024-10-17 01:47:22,526 - response_generator - INFO - Similarity search done for question: In what ways does Jagadish Chandra Bose's research challenge our current understanding of electromagnetic radiation?
2024-10-17 01:48:32,612 - response_generator - INFO - Response generated
2024-10-17 01:49:31,456 - response_generator - INFO - Similarity search done for question: Certainly! Here are five more specific questions about Jagadish Chandra Bose's contributions to science:

2024-10-17 01:49:33,594 - response_generator - INFO - Similarity search done for question: How did Jagadish Chandra Bose contribute to understanding plant communication?
2024-10-17 01:49:35,744 - response_generator - INFO - Similarity search done for question: What significant inventions did Bose create that have had a lasting impact on the field of biology?
2024-10-17 01:49:37,899 - response_generator - INFO - Similarity search done for question: Can you explain the principles behind Bose’s experiments involving the transmission of electrical signals through plants, and how they differed from other similar studies at the time?
2024-10-17 01:49:40,045 - response_generator - INFO - Similarity search done for question: How did Bose’s work with radio waves influence his later investigations into the biological use of these technologies?
2024-10-17 01:49:42,200 - response_generator - INFO - Similarity search done for question: What were some of the key challenges Bose faced in developing methods to study plant behavior scientifically, and what innovative approaches did he employ?
2024-10-17 01:53:48,029 - response_generator - INFO - Response generated
2024-10-17 01:56:58,000 - response_generator - INFO - Similarity search done for question: 1. Can you help me with algebraic equations?
2024-10-17 01:57:00,153 - response_generator - INFO - Similarity search done for question: Could you assist me in solving geometry problems?
2024-10-17 01:57:02,300 - response_generator - INFO - Similarity search done for question: Do you offer assistance with calculus exercises?
2024-10-17 01:57:04,451 - response_generator - INFO - Similarity search done for question: Are you able to provide guidance on probability and statistics inquiries?
2024-10-17 01:57:06,588 - response_generator - INFO - Similarity search done for question: Would you be helpful in tackling trigonometry questions?
2024-10-17 01:59:23,684 - response_generator - INFO - Response generated
2024-10-17 02:00:21,013 - response_generator - INFO - Similarity search done for question: 1. What is the initial kinetic energy of the object when thrown upward with a velocity of 49 m/s?
2024-10-17 02:00:23,163 - response_generator - INFO - Similarity search done for question: How does the potential energy change as the object ascends from its starting point to the maximum height?
2024-10-17 02:00:25,310 - response_generator - INFO - Similarity search done for question: At what altitude will the object momentarily stop moving upward, and how much energy was conserved during this process?
2024-10-17 02:00:27,471 - response_generator - INFO - Similarity search done for question: What is the total mechanical energy of the system before and after it reaches the maximum height? Is there any energy lost due to air resistance or other external factors?
2024-10-17 02:00:29,640 - response_generator - INFO - Similarity search done for question: Explain why the potential energy at the highest point equals the kinetic energy just prior to reaching that point, leading to equal total energies in both scenarios.
2024-10-17 02:04:44,701 - response_generator - INFO - Response generated
2024-10-17 02:14:07,030 - response_generator - INFO - Similarity search done for question: 1. What is the initial kinetic energy of an object with a mass of 250g thrown vertically upward at 49m/s?
2024-10-17 02:14:09,182 - response_generator - INFO - Similarity search done for question: How does this object's potential energy change as it rises to its maximum height? 
2024-10-17 02:14:11,333 - response_generator - INFO - Similarity search done for question: At what point during its flight will both kinetic and potential energies be equal?
2024-10-17 02:14:13,476 - response_generator - INFO - Similarity search done for question: What is the total mechanical energy (sum of kinetic and potential) of the object just before it reaches the maximum height?
2024-10-17 02:14:15,619 - response_generator - INFO - Similarity search done for question: Explain why these values remain constant throughout the motion, according to conservation of energy principles.
2024-10-17 02:18:18,109 - response_generator - INFO - Response generated
2024-10-17 02:27:17,784 - response_generator - INFO - Similarity search done for question: 1. What formula should be used to calculate the initial kinetic energy (KE) of an object thrown upwards?
2024-10-17 02:27:19,928 - response_generator - INFO - Similarity search done for question: How does the change in potential energy (PE) compare when an object is thrown upwards compared to its height above ground?
2024-10-17 02:27:22,085 - response_generator - INFO - Similarity search done for question: Explain the concept behind converting between kinetic and potential energy at different points during the motion.
2024-10-17 02:27:24,259 - response_generator - INFO - Similarity search done for question: What happens to the total mechanical energy of a body if there's no friction acting on it while being thrown vertically upward?
2024-10-17 02:27:26,400 - response_generator - INFO - Similarity search done for question: How can you determine whether the object will reach maximum height based on its initial velocity?
2024-10-17 02:28:46,507 - response_generator - INFO - Similarity search done for question: 1. What is the initial kinetic energy possessed by the object when it is thrown vertically upward with a velocity of 49 m/s?
2024-10-17 02:28:48,655 - response_generator - INFO - Similarity search done for question: Calculate the potential energy at the maximum height reached by the object.
2024-10-17 02:28:50,782 - response_generator - INFO - Similarity search done for question: Determine if the total mechanical energy (kinetic plus potential) of the object remains constant throughout its motion.
2024-10-17 02:28:52,928 - response_generator - INFO - Similarity search done for question: Find out how much work has been done on the object as it moves from throwing point to the highest point.
2024-10-17 02:28:55,084 - response_generator - INFO - Similarity search done for question: Explain whether any part of the initial kinetic energy is converted into other forms of energy during this upward journey.
2024-10-17 02:31:33,049 - response_generator - INFO - Similarity search done for question: 1. How can you determine the initial kinetic energy of the object with a mass of 250g thrown vertically upward at 49m/s?
2024-10-17 02:31:35,199 - response_generator - INFO - Similarity search done for question: What is the concept behind calculating the potential energy gained by the object as it rises to its maximum height?
2024-10-17 02:31:37,340 - response_generator - INFO - Similarity search done for question: In terms of total mechanical energy conservation, what role does the initial kinetic energy play during this motion?
2024-10-17 02:31:39,486 - response_generator - INFO - Similarity search done for question: How can you verify that the object's kinetic energy has been fully converted into potential energy by reaching its maximum height? 
2024-10-17 02:31:41,635 - response_generator - INFO - Similarity search done for question: What is the principle involved in ensuring that the body's final velocity at the peak is zero due to gravitational deceleration?
2024-10-17 02:35:59,385 - response_generator - INFO - Similarity search done for question: What is the initial kinetic energy of the object just prior to being thrown upward?
How do you calculate the potential energy gained by the object when it reaches its highest point?
What formula should be used to determine the total mechanical energy at both the launch and maximum height stages?
Can you explain why the total energy remains constant throughout the motion, considering only gravity as the force acting on the object?
In what units would the final velocity of the object upon reaching maximum height be expressed?
2024-10-17 02:38:42,277 - response_generator - INFO - Response generated
2024-10-17 02:40:47,683 - response_generator - INFO - Similarity search done for question: 1. What is the initial kinetic energy of an object with a mass of 250 grams thrown upward with a velocity of 49 meters per second?
2024-10-17 02:40:49,811 - response_generator - INFO - Similarity search done for question: Calculate the potential energy at the maximum height reached after the object has been thrown upwards, given its starting point and speed.
2024-10-17 02:40:51,964 - response_generator - INFO - Similarity search done for question: Determine if the total mechanical energy (kinetic + potential) is conserved throughout the motion of the object.
2024-10-17 02:40:54,127 - response_generator - INFO - Similarity search done for question: Find out at what height above the ground the kinetic energy of the object becomes zero when it reaches its highest point in a straight upward trajectory.
2024-10-17 02:40:56,299 - response_generator - INFO - Similarity search done for question: Explain why, even though the object's speed decreases as it moves upwards due to gravity, its total mechanical energy remains constant until it is completely stopped by air resistance or some other external force at the maximum height.
2024-10-17 02:51:30,733 - response_generator - INFO - Response generated
2024-10-17 02:58:24,370 - response_generator - INFO - Similarity search done for question: 1. What happens to the kinetic energy when an object with a mass of 250g is thrown vertically upward?
2024-10-17 02:58:26,501 - response_generator - INFO - Similarity search done for question: How does the work done by gravity affect the total energy before and at maximum height?
2024-10-17 02:58:28,652 - response_generator - INFO - Similarity search done for question: Calculate the initial potential energy stored in the object just as it is thrown.
2024-10-17 02:58:30,807 - response_generator - INFO - Similarity search done for question: At what point during its journey will the kinetic energy be equal to the potential energy?
2024-10-17 02:58:32,957 - response_generator - INFO - Similarity search done for question: Derive an expression for the total energy of the object when it reaches its maximum height.
2024-10-17 02:59:26,555 - response_generator - INFO - Response generated
2024-10-17 03:07:32,687 - response_generator - INFO - Similarity search done for question: - What physical law applies to this scenario where an object's potential energy equals its kinetic energy?
- How can we calculate the initial kinetic energy of the object before it is thrown upward?
- At what point during the motion will the object have maximum height? And how does this relate to its total energy at that moment?
- Explain why, after reaching the highest point, the object's speed becomes zero and what happens to its potential energy.
- How would you calculate the velocity of the object just before it hits the ground?
2024-10-17 03:10:23,118 - response_generator - INFO - Response generated
2024-10-17 03:11:30,721 - response_generator - INFO - Similarity search done for question: 1. What must be the mass (in kilograms) of an object for it to have a velocity of \(49 \, m/s\) when thrown vertically upward?
2024-10-17 03:11:32,862 - response_generator - INFO - Similarity search done for question: How long will it take for an object with a mass of 250 grams and this initial velocity to reach its maximum height in seconds?
2024-10-17 03:11:35,029 - response_generator - INFO - Similarity search done for question: At what point during the motion (before or after reaching the highest point) does the potential energy of the object exceed its kinetic energy? Explain your answer.
2024-10-17 03:11:37,177 - response_generator - INFO - Similarity search done for question: What is the total mechanical energy (sum of kinetic and potential energies) of the object just before it is thrown up into the air?
2024-10-17 03:11:39,350 - response_generator - INFO - Similarity search done for question: How would the equation for maximum height (\(h = \frac{v^2}{2g}\)) change if the initial velocity were doubled to \(98 \, m/s\) while keeping mass constant?
2024-10-17 03:13:24,038 - response_generator - INFO - Response generated
2024-10-17 03:27:48,597 - response_generator - INFO - Similarity search done for question: Certainly! Here are five refined and specific questions for the given prompt:

2024-10-17 03:28:04,086 - response_generator - INFO - Similarity search done for question: How can you calculate the initial kinetic energy of the object before it is thrown?
2024-10-17 03:28:04,175 - response_generator - INFO - Similarity search done for question: 1. What happens to the total energy of an object when it is thrown vertically upward?
2024-10-17 03:28:06,245 - response_generator - INFO - Similarity search done for question: What equation relates mass, velocity, and acceleration due to gravity in this scenario?
2024-10-17 03:28:06,342 - response_generator - INFO - Similarity search done for question: How can you determine if two objects have equal total energy at different heights?
2024-10-17 03:28:08,416 - response_generator - INFO - Similarity search done for question: If the object reaches its maximum height after traveling 49 meters upward, what would be the relationship between its final position (0) and initial velocity (49 m/s)?
2024-10-17 03:28:08,512 - response_generator - INFO - Similarity search done for question: At what height does the kinetic energy of a 250g object thrown upwards with a velocity of 49 m/s become zero?
2024-10-17 03:28:10,588 - response_generator - INFO - Similarity search done for question: How can you determine if the total energy of the system is conserved when a body moves under the influence of gravity alone?
2024-10-17 03:28:10,690 - response_generator - INFO - Similarity search done for question: What are the final conditions for an object's energy to be completely converted into potential energy, and how is this determined based on its initial state parameters?
2024-10-17 03:28:12,734 - response_generator - INFO - Similarity search done for question: Explain why the total mechanical energy of an object increases as it rises to its highest point, where potential energy reaches its maximum.
2024-10-17 03:29:00,999 - response_generator - INFO - Response generated
2024-10-17 03:32:43,267 - response_generator - INFO - Response generated
2024-10-17 03:33:05,124 - response_generator - INFO - Similarity search done for question: 1. Who was founded by Amar Bose?
2024-10-17 03:33:07,275 - response_generator - INFO - Similarity search done for question: What is Amar Bose's most notable invention?
2024-10-17 03:33:09,422 - response_generator - INFO - Similarity search done for question: In which field did Amar Bose make significant contributions to technology?
2024-10-17 03:33:11,574 - response_generator - INFO - Similarity search done for question: How does the name "Bose" relate to the company and its founder?
2024-10-17 03:33:13,719 - response_generator - INFO - Similarity search done for question: Where can someone find information about Amar Bose's educational background?
2024-10-17 03:33:57,954 - response_generator - INFO - Response generated
2024-10-17 03:35:50,671 - response_generator - INFO - Similarity search done for question: 1. **What is the initial kinetic energy of the object when it is thrown vertically upward with a velocity of 49 meters per second?**
2024-10-17 03:35:52,800 - response_generator - INFO - Similarity search done for question: **Calculate the potential energy at the maximum height if the object has a mass of 250 grams and was thrown from ground level upwards at 49 meters per second.**
2024-10-17 03:35:54,967 - response_generator - INFO - Similarity search done for question: **How does the initial kinetic energy compare to the total energy needed to lift the object from the ground up to its highest point?**
2024-10-17 03:35:57,144 - response_generator - INFO - Similarity search done for question: **What is the total mechanical energy of the system consisting of the thrown object and the Earth before it starts moving upwards?**
2024-10-17 03:35:59,283 - response_generator - INFO - Similarity search done for question: **Explain how the potential energy calculated in the previous step relates to the kinetic energy at the peak height reached by the thrown object.
2024-10-17 03:40:10,550 - response_generator - INFO - Response generated
2024-10-17 03:41:32,951 - response_generator - INFO - Similarity search done for question: 1. What happens to an object's kinetic energy as it gains altitude when thrown vertically upward?
2024-10-17 03:41:35,097 - response_generator - INFO - Similarity search done for question: How can we determine if two objects will have equal total energies at different points in their motion based on their initial conditions?
2024-10-17 03:41:37,245 - response_generator - INFO - Similarity search done for question: Can you calculate the velocity of the object just before it reaches its maximum height after being thrown upwards with a given initial velocity and mass?
2024-10-17 03:41:39,402 - response_generator - INFO - Similarity search done for question: What is the relationship between an object's final potential energy, its starting kinetic energy, and its initial gravitational acceleration when considering the conservation of energy principle?
2024-10-17 03:41:41,560 - response_generator - INFO - Similarity search done for question: How can we determine the total mechanical energy (kinetic plus potential) of an object that starts from rest at ground level with a given mass being thrown upwards with a specific velocity?
2024-10-17 03:43:31,847 - response_generator - INFO - Response generated
2024-10-17 03:48:40,411 - response_generator - INFO - Similarity search done for question: 1. How can you determine the initial kinetic energy of the object when thrown with a velocity of \(49 \, \text{m/s}\)?
2024-10-17 03:48:42,562 - response_generator - INFO - Similarity search done for question: What is the formula to calculate the potential energy at the maximum height reached by the object?
2024-10-17 03:48:44,706 - response_generator - INFO - Similarity search done for question: Explain how to find the total mechanical energy (KE + PE) before and after the object reaches its highest point.
2024-10-17 03:48:46,862 - response_generator - INFO - Similarity search done for question: Calculate the initial kinetic energy of the 250g object when thrown with a velocity of \(49 \, \text{m/s}\).
2024-10-17 03:48:49,016 - response_generator - INFO - Similarity search done for question: Derive an equation that shows the equivalence between the total energy at the throwing point and the maximum height where the potential energy is maximized.
2024-10-17 03:49:51,813 - response_generator - INFO - Response generated
2024-10-17 03:52:35,148 - response_generator - INFO - Similarity search done for question: 1. What must be the initial kinetic energy of the object when thrown vertically upward?
2024-10-17 03:52:37,314 - response_generator - INFO - Similarity search done for question: How can we calculate the potential energy stored in the object just before being released?
2024-10-17 03:52:52,138 - response_generator - INFO - Similarity search done for question: Explain why half of the total energy is kinetic and the other half is converted into gravitational potential energy.
2024-10-17 03:52:52,243 - response_generator - INFO - Similarity search done for question: 1. What is the initial kinetic energy of an object with a mass of 250g thrown vertically upward at a velocity of 49m/s?
2024-10-17 03:52:54,278 - response_generator - INFO - Similarity search done for question: Determine the maximum height reached by the object using the principle of conservation of energy.
2024-10-17 03:52:54,399 - response_generator - INFO - Similarity search done for question: How does the potential energy change as the object moves from its initial position to the maximum height it reaches after being thrown?
2024-10-17 03:52:56,448 - response_generator - INFO - Similarity search done for question: Calculate the final velocity of the object at its highest point, ensuring it matches the given initial velocity but reversed in direction.
2024-10-17 03:52:56,571 - response_generator - INFO - Similarity search done for question: Calculate the total mechanical energy (sum of kinetic and potential energies) before the object is thrown.
2024-10-17 03:56:52,685 - response_generator - INFO - Response generated
2024-10-17 03:56:59,071 - response_generator - INFO - Similarity search done for question: What is the gravitational potential energy at the maximum height reached by the object?
2024-10-17 03:57:01,237 - response_generator - INFO - Similarity search done for question: If all non-conservative forces were removed, would the total energy of the system be conserved?
2024-10-17 03:57:51,007 - response_generator - INFO - Response generated
2024-10-17 04:04:54,460 - response_generator - INFO - Similarity search done for question: 1. What are the initial conditions given in this scenario?
2024-10-17 04:04:56,608 - response_generator - INFO - Similarity search done for question: What does the term "total energy" refer to in physics terms?
2024-10-17 04:04:58,763 - response_generator - INFO - Similarity search done for question: Calculate the gravitational potential energy at the maximum height reached by the object.
2024-10-17 04:05:00,930 - response_generator - INFO - Similarity search done for question: Determine the kinetic energy of the object just before it is thrown vertically upward.
2024-10-17 04:05:03,077 - response_generator - INFO - Similarity search done for question: Explain how the principle of conservation of energy applies in this problem, leading to the equality of total energies before and after reaching maximum height.
2024-10-17 04:09:05,272 - response_generator - INFO - Response generated
